<?xml version="1.0" encoding="UTF-8"?>
<!-- Generated by org.testng.reporters.JUnitReportReporter -->
<testsuite hostname="DESKTOP-ML25M6U" failures="0" tests="1" name="com.qa.test.TestClass" time="30.893" errors="0" timestamp="2021-04-25T11:55:10 IST" skipped="0">
  <testcase classname="com.qa.test.TestClass" name="getProductInfo" time="30.893"/>
  <system-out/>
</testsuite> <!-- com.qa.test.TestClass -->
